<?xml version="1.0" encoding="UTF-8"?>
<!-- Generated by org.testng.reporters.JUnitXMLReporter -->
<testsuite ignored="0" hostname="LAPTOP-U66FBCGM" failures="1" tests="1" name="cross browser testing-edge" time="0.275" errors="0" timestamp="2024-06-08T12:39:09 IST">
  <testcase classname="UTILITIES.Base" name="@BeforeTest openBrowser" time="0.017">
    <failure type="java.lang.NullPointerException" message="Cannot invoke &amp;quot;org.openqa.selenium.WebDriver.manage()&amp;quot; because &amp;quot;UTILITIES.Base.driver&amp;quot; is null">
      <![CDATA[java.lang.NullPointerException: Cannot invoke "org.openqa.selenium.WebDriver.manage()" because "UTILITIES.Base.driver" is null
at UTILITIES.Base.openBrowser(Base.java:53)
at java.base/java.util.concurrent.FutureTask.run(FutureTask.java:317)
at java.base/java.util.concurrent.ThreadPoolExecutor.runWorker(ThreadPoolExecutor.java:1144)
at java.base/java.util.concurrent.ThreadPoolExecutor$Worker.run(ThreadPoolExecutor.java:642)
at java.base/java.lang.Thread.run(Thread.java:1589)
... Removed 12 stack frames]]>
    </failure>
  </testcase> <!-- @BeforeTest openBrowser -->
  <testcase classname="UTILITIES.Base" name="@AfterTest tearDown" time="0.0">
    <skipped/>
  </testcase> <!-- @AfterTest tearDown -->
  <testcase classname="TEST_CASE.LoginTest" name="Login_With_Valid_Input" time="0.0">
    <failure type="java.lang.RuntimeException" message="org.apache.poi.ooxml.POIXMLException: org.apache.poi.openxml4j.exceptions.InvalidFormatException: Package should contain a content type part [M1.13]">
      <![CDATA[java.lang.RuntimeException: org.apache.poi.ooxml.POIXMLException: org.apache.poi.openxml4j.exceptions.InvalidFormatException: Package should contain a content type part [M1.13]
at java.base/java.util.ArrayList.forEach(ArrayList.java:1511)
at java.base/java.util.concurrent.FutureTask.run(FutureTask.java:317)
at java.base/java.util.concurrent.ThreadPoolExecutor.runWorker(ThreadPoolExecutor.java:1144)
at java.base/java.util.concurrent.ThreadPoolExecutor$Worker.run(ThreadPoolExecutor.java:642)
at java.base/java.lang.Thread.run(Thread.java:1589)
Caused by: org.apache.poi.ooxml.POIXMLException: org.apache.poi.openxml4j.exceptions.InvalidFormatException: Package should contain a content type part [M1.13]
at org.apache.poi.ooxml.util.PackageHelper.open(PackageHelper.java:61)
at org.apache.poi.xssf.usermodel.XSSFWorkbook.<init>(XSSFWorkbook.java:290)
at org.apache.poi.xssf.usermodel.XSSFWorkbook.<init>(XSSFWorkbook.java:286)
at UTILITIES.ReadExcelData.getRowCount(ReadExcelData.java:25)
at UTILITIES.DataProvider1.provideData(DataProvider1.java:24)
... 19 more
Caused by: org.apache.poi.openxml4j.exceptions.InvalidFormatException: Package should contain a content type part [M1.13]
at org.apache.poi.openxml4j.opc.ZipPackage.getPartsImpl(ZipPackage.java:301)
at org.apache.poi.openxml4j.opc.OPCPackage.getParts(OPCPackage.java:749)
at org.apache.poi.openxml4j.opc.OPCPackage.open(OPCPackage.java:322)
at org.apache.poi.ooxml.util.PackageHelper.open(PackageHelper.java:59)
... 28 more
... Removed 20 stack frames]]>
    </failure>
  </testcase> <!-- Login_With_Valid_Input -->
</testsuite> <!-- cross browser testing-edge -->
