<?xml version="1.0" encoding="UTF-8"?>
<!-- Generated by org.testng.reporters.JUnitXMLReporter -->
<testsuite ignored="0" hostname="LAPTOP-U66FBCGM" failures="0" tests="4" name="dependency run from xml" time="0.081" errors="0" timestamp="2024-06-07T19:16:39 IST">
  <testcase classname="TestNG_Concepts.dependencyonXML" name="openBrowser" time="0.012"/>
  <testcase classname="TestNG_Concepts.dependencyonXML" name="login" time="0.001"/>
  <testcase classname="TestNG_Concepts.dependencyonXML" name="viewacc" time="0.002"/>
  <testcase classname="TestNG_Concepts.dependencyonXML" name="logout" time="0.002"/>
</testsuite> <!-- dependency run from xml -->
