<?xml version="1.0" encoding="UTF-8"?>
<!-- Generated by org.testng.reporters.JUnitXMLReporter -->
<testsuite ignored="1" hostname="LAPTOP-U66FBCGM" failures="0" tests="2" name="Groups test" time="0.056" errors="0" timestamp="2024-06-07T17:57:28 IST">
  <testcase classname="TestNG_Concepts.Groups" name="test1" time="0.01"/>
  <testcase classname="TestNG_Concepts.Groups" name="test2" time="0.001"/>
  <testcase classname="TestNG_Concepts.Groups" name="test3" time="0.0">
    <ignored/>
  </testcase> <!-- test3 -->
</testsuite> <!-- Groups test -->
