<?xml version="1.0" encoding="UTF-8"?>
<!-- Generated by org.testng.reporters.JUnitXMLReporter -->
<testsuite ignored="0" hostname="LAPTOP-U66FBCGM" failures="0" tests="3" name="normal test" time="0.013" errors="0" timestamp="2024-06-07T17:57:28 IST">
  <testcase classname="TestNG_Concepts.Groups" name="test1" time="0.001"/>
  <testcase classname="TestNG_Concepts.Groups" name="test2" time="0.001"/>
  <testcase classname="TestNG_Concepts.Groups" name="test3" time="0.002"/>
</testsuite> <!-- normal test -->
