<?xml version="1.0" encoding="UTF-8"?>
<!-- Generated by org.testng.reporters.JUnitXMLReporter -->
<testsuite ignored="0" hostname="LAPTOP-U66FBCGM" failures="0" tests="4" name="parallelTest" time="0.051" errors="0" timestamp="2024-06-08T12:22:35 IST">
  <testcase classname="TestNG_Concepts.F1" name="test1" time="0.009"/>
  <testcase classname="TestNG_Concepts.F2" name="test3" time="0.009"/>
  <testcase classname="TestNG_Concepts.F1" name="test2" time="0.002"/>
  <testcase classname="TestNG_Concepts.F2" name="test4" time="0.002"/>
</testsuite> <!-- parallelTest -->
