<?xml version="1.0" encoding="UTF-8"?>
<!-- Generated by org.testng.reporters.JUnitXMLReporter -->
<testsuite ignored="4" hostname="LAPTOP-U66FBCGM" failures="0" tests="1" name="Default test" time="8.725" errors="0" timestamp="2024-07-12T17:08:48 IST">
  <testcase classname="TEST_CASE.LoginTest" name="Login_With_Valid_Input" time="2.829"/>
  <testcase classname="TEST_CASE.LoginTest" name="particularElement" time="0.0">
    <ignored/>
  </testcase> <!-- particularElement -->
  <testcase classname="TEST_CASE.LoginTest" name="verifyLinks" time="0.0">
    <ignored/>
  </testcase> <!-- verifyLinks -->
  <testcase classname="TEST_CASE.LoginTest" name="getScreenShot" time="0.0">
    <ignored/>
  </testcase> <!-- getScreenShot -->
  <testcase classname="TEST_CASE.LoginTest" name="compareImages" time="0.0">
    <ignored/>
  </testcase> <!-- compareImages -->
</testsuite> <!-- Default test -->
