<?xml version="1.0" encoding="UTF-8"?>
<testng-results ignored="0" total="1" passed="1" failed="0" skipped="0">
  <reporter-output>
  </reporter-output>
  <suite started-at="2024-06-05T17:37:07 IST" name="Testng Test" finished-at="2024-06-05T17:37:19 IST" duration-ms="12216">
    <groups>
    </groups>
    <test started-at="2024-06-05T17:37:07 IST" name="Login Test" finished-at="2024-06-05T17:37:19 IST" duration-ms="12216">
      <class name="TEST_CASE.LoginTest">
        <test-method is-config="true" signature="openBrowser()[pri:0, instance:TEST_CASE.LoginTest@dd8ba08]" started-at="2024-06-05T17:37:07 IST" name="openBrowser" finished-at="2024-06-05T17:37:16 IST" duration-ms="9218" status="PASS">
          <reporter-output>
          </reporter-output>
        </test-method> <!-- openBrowser -->
        <test-method signature="Login_With_Valid_Input([Ljava.lang.String;)[pri:0, instance:TEST_CASE.LoginTest@dd8ba08]" started-at="2024-06-05T17:37:18 IST" name="Login_With_Valid_Input" data-provider="v" finished-at="2024-06-05T17:37:19 IST" duration-ms="1695" status="PASS">
          <params>
            <param index="0">
              <value>
                <![CDATA[[Ljava.lang.String;@f096f37]]>
              </value>
            </param>
          </params>
          <reporter-output>
          </reporter-output>
        </test-method> <!-- Login_With_Valid_Input -->
        <test-method is-config="true" signature="tearDown()[pri:0, instance:TEST_CASE.LoginTest@dd8ba08]" started-at="2024-06-05T17:37:19 IST" name="tearDown" finished-at="2024-06-05T17:37:19 IST" duration-ms="150" status="PASS">
          <reporter-output>
          </reporter-output>
        </test-method> <!-- tearDown -->
      </class> <!-- TEST_CASE.LoginTest -->
    </test> <!-- Login Test -->
  </suite> <!-- Testng Test -->
</testng-results>
