<?xml version="1.0" encoding="UTF-8"?>
<testng-results ignored="4" total="5" passed="1" failed="0" skipped="0">
  <reporter-output>
  </reporter-output>
  <suite started-at="2024-07-12T17:15:12 IST" name="Testng Test" finished-at="2024-07-12T17:15:23 IST" duration-ms="11005">
    <groups>
    </groups>
    <test started-at="2024-07-12T17:15:12 IST" name="LoginTest" finished-at="2024-07-12T17:15:23 IST" duration-ms="11005">
      <class name="TEST_CASE.LoginTest">
        <test-method is-config="true" signature="openBrowser()[pri:0, instance:TEST_CASE.LoginTest@37ceb1df]" started-at="2024-07-12T17:15:12 IST" name="openBrowser" finished-at="2024-07-12T17:15:19 IST" duration-ms="6422" status="PASS">
          <reporter-output>
          </reporter-output>
        </test-method> <!-- openBrowser -->
        <test-method signature="Login_With_Valid_Input([Ljava.lang.String;)[pri:0, instance:TEST_CASE.LoginTest@37ceb1df]" started-at="2024-07-12T17:15:20 IST" name="Login_With_Valid_Input" data-provider="v" finished-at="2024-07-12T17:15:22 IST" duration-ms="2614" status="PASS">
          <params>
            <param index="0">
              <value>
                <![CDATA[[Ljava.lang.String;@373052b5]]>
              </value>
            </param>
          </params>
          <reporter-output>
          </reporter-output>
        </test-method> <!-- Login_With_Valid_Input -->
        <test-method is-config="true" signature="tearDown()[pri:0, instance:TEST_CASE.LoginTest@37ceb1df]" started-at="2024-07-12T17:15:22 IST" name="tearDown" finished-at="2024-07-12T17:15:23 IST" duration-ms="408" status="PASS">
          <reporter-output>
          </reporter-output>
        </test-method> <!-- tearDown -->
      </class> <!-- TEST_CASE.LoginTest -->
    </test> <!-- LoginTest -->
  </suite> <!-- Testng Test -->
</testng-results>
